2025-01-03 18:24:48,972 [INFO] Activator:176 - 


2025-01-03 18:24:48,973 [INFO] Activator:177 - !SESSION log4j initialized
2025-01-03 18:24:51,777 [INFO] LogOutputStream:77 - [STDOUT_REDIRECT] 
2025-01-03 18:24:53,562 [INFO] ApplicationProperties:184 - Using Application install path: C:\ST\STM32CubeIDE_1.16.1\STM32CubeIDE\plugins\com.st.stm32cube.common.mx_6.13.0.202411220809
2025-01-03 18:24:53,578 [INFO] DbMcusXml:78 - Set database path to: C:\ST\STM32CubeIDE_1.16.1\STM32CubeIDE\plugins\com.st.stm32cube.common.mx_6.13.0.202411220809\\db\/mcu/
2025-01-03 18:24:53,578 [INFO] ApiDb:274 - Set plugin database path to: C:\ST\STM32CubeIDE_1.16.1\STM32CubeIDE\plugins\com.st.stm32cube.common.mx_6.13.0.202411220809\\db\/plugins/boardmanager/
2025-01-03 18:24:53,580 [WARN] ApiDb:259 - Overriding images path with different value:  => C:\ST\STM32CubeIDE_1.16.1\STM32CubeIDE\plugins\com.st.stm32cube.common.mx_6.13.0.202411220809\\db\/plugins/mcufinder/images/
2025-01-03 18:24:53,585 [INFO] ApiDb:250 - Set database path to: C:\Users\HP\.stmcufinder\plugins\mcufinder//mcu/
2025-01-03 18:24:53,588 [INFO] DbMcusAds:125 - Set database path to: C:\Users\HP\.stmcufinder\plugins\mcufinder//mcu/
2025-01-03 18:24:53,592 [INFO] CrossReferenceDbSqlite:203 - Set database path to: C:\Users\HP\.stmcufinder\plugins\mcufinder//mcu/cs/
2025-01-03 18:24:53,722 [INFO] RulesReader:64 - Compatibility file has been processed (297 Rules)
2025-01-03 18:24:53,842 [INFO] DbMcusXml:78 - Set database path to: C:\ST\STM32CubeIDE_1.16.1\STM32CubeIDE\plugins\com.st.stm32cube.common.mx_6.13.0.202411220809\\db\/mcu/
2025-01-03 18:24:53,842 [INFO] ApiDb:274 - Set plugin database path to: C:\ST\STM32CubeIDE_1.16.1\STM32CubeIDE\plugins\com.st.stm32cube.common.mx_6.13.0.202411220809\\db\/plugins/boardmanager/
2025-01-03 18:24:53,842 [INFO] ApiDb:261 - Set plugin images path to: C:\ST\STM32CubeIDE_1.16.1\STM32CubeIDE\plugins\com.st.stm32cube.common.mx_6.13.0.202411220809\\db\/plugins/mcufinder/images/
2025-01-03 18:24:53,844 [WARN] DbFile:41 - Overriding database path with different value: C:\Users\HP\.stmcufinder\plugins\mcufinder/ => C:\Users\HP\.stmcufinder\plugins\mcufinder
2025-01-03 18:24:53,844 [INFO] ApiDb:250 - Set database path to: C:\Users\HP\.stmcufinder\plugins\mcufinder//mcu/
2025-01-03 18:24:53,844 [WARN] DbFile:41 - Overriding database path with different value: C:\Users\HP\.stmcufinder\plugins\mcufinder/ => C:\Users\HP\.stmcufinder\plugins\mcufinder
2025-01-03 18:24:53,844 [INFO] DbMcusAds:125 - Set database path to: C:\Users\HP\.stmcufinder\plugins\mcufinder//mcu/
2025-01-03 18:24:53,844 [WARN] DbFile:41 - Overriding database path with different value: C:\Users\HP\.stmcufinder\plugins\mcufinder/ => C:\Users\HP\.stmcufinder\plugins\mcufinder
2025-01-03 18:24:53,844 [WARN] DbFile:41 - Overriding database path with different value: C:\Users\HP\.stmcufinder\plugins\mcufinder/ => C:\Users\HP\.stmcufinder\plugins\mcufinder
2025-01-03 18:24:53,844 [INFO] CrossReferenceDbSqlite:203 - Set database path to: C:\Users\HP\.stmcufinder\plugins\mcufinder//mcu/cs/
2025-01-03 18:24:53,927 [INFO] MainPanel:272 - HeapMemory: 268435456
2025-01-03 18:24:54,058 [INFO] DbMcusXml:78 - Set database path to: C:\ST\STM32CubeIDE_1.16.1\STM32CubeIDE\plugins\com.st.stm32cube.common.mx_6.13.0.202411220809\\db\/mcu/
2025-01-03 18:24:54,058 [INFO] ApiDb:274 - Set plugin database path to: C:\ST\STM32CubeIDE_1.16.1\STM32CubeIDE\plugins\com.st.stm32cube.common.mx_6.13.0.202411220809\\db\/plugins/boardmanager/
2025-01-03 18:24:54,058 [INFO] ApiDb:261 - Set plugin images path to: C:\ST\STM32CubeIDE_1.16.1\STM32CubeIDE\plugins\com.st.stm32cube.common.mx_6.13.0.202411220809\\db\/plugins/mcufinder/images/
2025-01-03 18:24:54,059 [WARN] DbFile:41 - Overriding database path with different value: C:\Users\HP\.stmcufinder\plugins\mcufinder/ => C:\Users\HP\.stmcufinder\plugins\mcufinder
2025-01-03 18:24:54,059 [INFO] ApiDb:250 - Set database path to: C:\Users\HP\.stmcufinder\plugins\mcufinder//mcu/
2025-01-03 18:24:54,059 [WARN] DbFile:41 - Overriding database path with different value: C:\Users\HP\.stmcufinder\plugins\mcufinder/ => C:\Users\HP\.stmcufinder\plugins\mcufinder
2025-01-03 18:24:54,060 [INFO] DbMcusAds:125 - Set database path to: C:\Users\HP\.stmcufinder\plugins\mcufinder//mcu/
2025-01-03 18:24:54,060 [WARN] DbFile:41 - Overriding database path with different value: C:\Users\HP\.stmcufinder\plugins\mcufinder/ => C:\Users\HP\.stmcufinder\plugins\mcufinder
2025-01-03 18:24:54,060 [WARN] DbFile:41 - Overriding database path with different value: C:\Users\HP\.stmcufinder\plugins\mcufinder/ => C:\Users\HP\.stmcufinder\plugins\mcufinder
2025-01-03 18:24:54,060 [INFO] CrossReferenceDbSqlite:203 - Set database path to: C:\Users\HP\.stmcufinder\plugins\mcufinder//mcu/cs/
2025-01-03 18:24:54,089 [INFO] ApplicationProperties:184 - Using Application install path: C:\ST\STM32CubeIDE_1.16.1\STM32CubeIDE\plugins\com.st.stm32cube.common.mx_6.13.0.202411220809
2025-01-03 18:24:54,091 [INFO] PluginManage:196 - Search for loadable plugins [exclusion list=, ]
2025-01-03 18:24:54,093 [INFO] PluginManage:310 - Check plugin analytics
2025-01-03 18:24:54,284 [INFO] AnalyticsPlugin:253 - Accepted Software Licenses: 
2025-01-03 18:24:54,285 [INFO] AnalyticsPlugin:255 - Accepted CMSIS Pack Licenses: 
2025-01-03 18:24:54,285 [INFO] AnalyticsPlugin:257 - Accepted Firmware Licenses: FW.F4.1.28.0
2025-01-03 18:24:54,289 [INFO] PluginManage:359 - Loaded plugin analytics (category:tool,tabindex:-1)
2025-01-03 18:24:54,289 [INFO] PluginManage:310 - Check plugin cadmodel
2025-01-03 18:24:54,294 [INFO] CADModel:105 - Init CAD model plugin
2025-01-03 18:24:54,294 [INFO] PluginManage:359 - Loaded plugin cadmodel (category:power,tabindex:5)
2025-01-03 18:24:54,294 [INFO] PluginManage:310 - Check plugin clock
2025-01-03 18:24:54,303 [INFO] PluginManage:359 - Loaded plugin clock (category:base,tabindex:2)
2025-01-03 18:24:54,304 [INFO] PluginManage:310 - Check plugin ddr
2025-01-03 18:24:54,306 [INFO] PluginManage:359 - Loaded plugin ddr (category:tool,tabindex:6)
2025-01-03 18:24:54,306 [INFO] PluginManage:310 - Check plugin filemanager
2025-01-03 18:24:54,422 [INFO] PluginManage:359 - Loaded plugin filemanager (category:base,tabindex:10)
2025-01-03 18:24:54,422 [INFO] PluginManage:310 - Check plugin ipmanager
2025-01-03 18:24:54,434 [INFO] PluginManage:359 - Loaded plugin ipmanager (category:base,tabindex:5)
2025-01-03 18:24:54,434 [INFO] PluginManage:310 - Check plugin lpbam
2025-01-03 18:24:54,440 [INFO] PluginManage:359 - Loaded plugin lpbam (category:base,tabindex:0)
2025-01-03 18:24:54,440 [INFO] PluginManage:310 - Check plugin memorymap
2025-01-03 18:24:54,450 [INFO] PluginManage:359 - Loaded plugin memorymap (category:base,tabindex:4)
2025-01-03 18:24:54,450 [INFO] PluginManage:310 - Check plugin pinoutandconfiguration
2025-01-03 18:24:54,458 [INFO] PluginManage:359 - Loaded plugin pinoutandconfiguration (category:base,tabindex:1)
2025-01-03 18:24:54,458 [INFO] PluginManage:310 - Check plugin pinoutconfig
2025-01-03 18:24:54,524 [WARN] SupportedApi:132 - Cannot load RTOS API schema: s4s-elt-must-match.1: The content of 'definitions' must match (annotation?, (simpleType | complexType)?, (unique | key | keyref)*)). A problem was found starting at: attribute.
2025-01-03 18:24:54,627 [INFO] PluginManage:359 - Loaded plugin pinoutconfig (category:base,tabindex:0)
2025-01-03 18:24:54,628 [INFO] PluginManage:310 - Check plugin power
2025-01-03 18:24:54,633 [INFO] PluginManage:359 - Loaded plugin power (category:power,tabindex:4)
2025-01-03 18:24:54,633 [INFO] PluginManage:310 - Check plugin projectmanager
2025-01-03 18:24:54,650 [INFO] PluginManage:359 - Loaded plugin projectmanager (category:projectmanager,tabindex:4)
2025-01-03 18:24:54,650 [INFO] PluginManage:310 - Check plugin rif
2025-01-03 18:24:54,657 [INFO] PluginManage:359 - Loaded plugin rif (category:base,tabindex:3)
2025-01-03 18:24:54,657 [INFO] PluginManage:310 - Check plugin thirdparty
2025-01-03 18:24:54,770 [WARN] IntegrityCheckThread:84 - waiting for thirdparty lock release [integrity check]
2025-01-03 18:24:54,771 [INFO] IntegrityCheckThread:86 - entering critical section [integrity check]
2025-01-03 18:24:54,771 [INFO] ThirdPartyUpdaterWithRetryManager:70 - Updater plugin not ready yet. [1/15]
2025-01-03 18:24:54,771 [INFO] PluginManage:359 - Loaded plugin thirdparty (category:base,tabindex:-1)
2025-01-03 18:24:54,771 [INFO] PluginManage:310 - Check plugin tools
2025-01-03 18:24:54,774 [INFO] PluginManage:359 - Loaded plugin tools (category:base,tabindex:7)
2025-01-03 18:24:54,774 [INFO] PluginManage:310 - Check plugin tutovideos
2025-01-03 18:24:54,878 [INFO] PluginManage:359 - Loaded plugin tutovideos (category:base,tabindex:-1)
2025-01-03 18:24:54,878 [INFO] PluginManage:310 - Check plugin updater
2025-01-03 18:24:54,902 [INFO] PluginManage:359 - Loaded plugin updater (category:base,tabindex:12)
2025-01-03 18:24:54,902 [INFO] PluginManage:310 - Check plugin userauth
2025-01-03 18:24:54,904 [INFO] UserAuth:118 - Init User Auth plugin
2025-01-03 18:24:54,905 [INFO] PluginManage:359 - Loaded plugin userauth (category:base,tabindex:14)
2025-01-03 18:24:54,905 [INFO] PluginManage:283 - PluginManage : Loaded plugins [18]
2025-01-03 18:24:55,167 [INFO] PinOutPanel:1589 - setPackage(No Configuration,No Configuration)
2025-01-03 18:24:55,291 [INFO] CADModel:165 - CPN selected for project level
2025-01-03 18:24:55,292 [INFO] CADModel:114 - Register for checkConnection events
2025-01-03 18:24:55,303 [INFO] IPUIPlugin:80 - create IPUIPlugin
2025-01-03 18:24:55,303 [INFO] PluginManager:220 - loadIPPluginJar : add adc
2025-01-03 18:24:55,306 [INFO] IPUIPlugin:80 - create IPUIPlugin
2025-01-03 18:24:55,307 [INFO] PluginManager:220 - loadIPPluginJar : add aes
2025-01-03 18:24:55,310 [INFO] IPUIPlugin:80 - create IPUIPlugin
2025-01-03 18:24:55,310 [INFO] PluginManager:220 - loadIPPluginJar : add can
2025-01-03 18:24:55,312 [INFO] IPUIPlugin:80 - create IPUIPlugin
2025-01-03 18:24:55,312 [INFO] PluginManager:220 - loadIPPluginJar : add comp
2025-01-03 18:24:55,313 [INFO] IPUIPlugin:80 - create IPUIPlugin
2025-01-03 18:24:55,314 [INFO] PluginManager:220 - loadIPPluginJar : add cryp
2025-01-03 18:24:55,315 [INFO] IPUIPlugin:80 - create IPUIPlugin
2025-01-03 18:24:55,315 [INFO] PluginManager:220 - loadIPPluginJar : add ddr_ctrl_phy
2025-01-03 18:24:55,317 [INFO] IPUIPlugin:80 - create IPUIPlugin
2025-01-03 18:24:55,317 [INFO] PluginManager:220 - loadIPPluginJar : add dfsdm
2025-01-03 18:24:55,321 [INFO] IPUIPlugin:80 - create IPUIPlugin
2025-01-03 18:24:55,322 [INFO] PluginManager:220 - loadIPPluginJar : add dma
2025-01-03 18:24:55,325 [INFO] IPUIPlugin:80 - create IPUIPlugin
2025-01-03 18:24:55,325 [INFO] PluginManager:220 - loadIPPluginJar : add dma3
2025-01-03 18:24:55,327 [INFO] IPUIPlugin:80 - create IPUIPlugin
2025-01-03 18:24:55,327 [INFO] PluginManager:220 - loadIPPluginJar : add extmemmanager
2025-01-03 18:24:55,329 [INFO] IPUIPlugin:80 - create IPUIPlugin
2025-01-03 18:24:55,329 [INFO] PluginManager:220 - loadIPPluginJar : add fatfs
2025-01-03 18:24:55,332 [INFO] IPUIPlugin:80 - create IPUIPlugin
2025-01-03 18:24:55,332 [INFO] PluginManager:220 - loadIPPluginJar : add fmc
2025-01-03 18:24:55,335 [INFO] IPUIPlugin:80 - create IPUIPlugin
2025-01-03 18:24:55,336 [INFO] PluginManager:220 - loadIPPluginJar : add freertos
2025-01-03 18:24:55,337 [INFO] IPUIPlugin:80 - create IPUIPlugin
2025-01-03 18:24:55,337 [INFO] PluginManager:220 - loadIPPluginJar : add genericplugin
2025-01-03 18:24:55,339 [INFO] IPUIPlugin:80 - create IPUIPlugin
2025-01-03 18:24:55,339 [INFO] PluginManager:220 - loadIPPluginJar : add gfxmmu
2025-01-03 18:24:55,344 [INFO] IPUIPlugin:80 - create IPUIPlugin
2025-01-03 18:24:55,344 [INFO] PluginManager:220 - loadIPPluginJar : add gic
2025-01-03 18:24:55,347 [INFO] IPUIPlugin:80 - create IPUIPlugin
2025-01-03 18:24:55,347 [INFO] PluginManager:220 - loadIPPluginJar : add gpio
2025-01-03 18:24:55,349 [INFO] IPUIPlugin:80 - create IPUIPlugin
2025-01-03 18:24:55,349 [INFO] PluginManager:220 - loadIPPluginJar : add gtzc
2025-01-03 18:24:55,351 [INFO] IPUIPlugin:80 - create IPUIPlugin
2025-01-03 18:24:55,351 [INFO] PluginManager:220 - loadIPPluginJar : add hash
2025-01-03 18:24:55,353 [INFO] IPUIPlugin:80 - create IPUIPlugin
2025-01-03 18:24:55,353 [INFO] PluginManager:220 - loadIPPluginJar : add i2c
2025-01-03 18:24:55,356 [INFO] IPUIPlugin:80 - create IPUIPlugin
2025-01-03 18:24:55,356 [INFO] PluginManager:220 - loadIPPluginJar : add i2s
2025-01-03 18:24:55,359 [INFO] IPUIPlugin:80 - create IPUIPlugin
2025-01-03 18:24:55,360 [INFO] PluginManager:220 - loadIPPluginJar : add i3c
2025-01-03 18:24:55,362 [INFO] IPUIPlugin:80 - create IPUIPlugin
2025-01-03 18:24:55,362 [INFO] PluginManager:220 - loadIPPluginJar : add ipddr
2025-01-03 18:24:55,366 [INFO] IPUIPlugin:80 - create IPUIPlugin
2025-01-03 18:24:55,366 [INFO] PluginManager:220 - loadIPPluginJar : add linkedlist
2025-01-03 18:24:55,368 [INFO] IPUIPlugin:80 - create IPUIPlugin
2025-01-03 18:24:55,369 [INFO] PluginManager:220 - loadIPPluginJar : add lorawan
2025-01-03 18:24:55,370 [INFO] IPUIPlugin:80 - create IPUIPlugin
2025-01-03 18:24:55,370 [INFO] PluginManager:220 - loadIPPluginJar : add ltdc
2025-01-03 18:24:55,375 [INFO] IPUIPlugin:80 - create IPUIPlugin
2025-01-03 18:24:55,376 [INFO] PluginManager:220 - loadIPPluginJar : add mdma
2025-01-03 18:24:55,378 [INFO] IPUIPlugin:80 - create IPUIPlugin
2025-01-03 18:24:55,378 [INFO] PluginManager:220 - loadIPPluginJar : add nvic
2025-01-03 18:24:55,381 [INFO] IPUIPlugin:80 - create IPUIPlugin
2025-01-03 18:24:55,381 [INFO] PluginManager:220 - loadIPPluginJar : add opamp
2025-01-03 18:24:55,385 [INFO] IPUIPlugin:80 - create IPUIPlugin
2025-01-03 18:24:55,385 [INFO] PluginManager:220 - loadIPPluginJar : add openamp
2025-01-03 18:24:55,388 [INFO] IPUIPlugin:80 - create IPUIPlugin
2025-01-03 18:24:55,388 [INFO] PluginManager:220 - loadIPPluginJar : add pdm2pcm
2025-01-03 18:24:55,395 [INFO] IPUIPlugin:80 - create IPUIPlugin
2025-01-03 18:24:55,397 [INFO] PluginManager:220 - loadIPPluginJar : add plateformsettings
2025-01-03 18:24:55,398 [INFO] IPUIPlugin:80 - create IPUIPlugin
2025-01-03 18:24:55,399 [INFO] PluginManager:220 - loadIPPluginJar : add quadspi
2025-01-03 18:24:55,402 [INFO] IPUIPlugin:80 - create IPUIPlugin
2025-01-03 18:24:55,404 [INFO] PluginManager:220 - loadIPPluginJar : add radio
2025-01-03 18:24:55,409 [INFO] IPUIPlugin:80 - create IPUIPlugin
2025-01-03 18:24:55,411 [INFO] PluginManager:220 - loadIPPluginJar : add resmgrutility
2025-01-03 18:24:55,415 [INFO] IPUIPlugin:80 - create IPUIPlugin
2025-01-03 18:24:55,415 [INFO] PluginManager:220 - loadIPPluginJar : add sai
2025-01-03 18:24:55,417 [INFO] IPUIPlugin:80 - create IPUIPlugin
2025-01-03 18:24:55,417 [INFO] PluginManager:220 - loadIPPluginJar : add spi
2025-01-03 18:24:55,424 [INFO] IPUIPlugin:80 - create IPUIPlugin
2025-01-03 18:24:55,425 [INFO] PluginManager:220 - loadIPPluginJar : add stm32_wpan
2025-01-03 18:24:55,426 [INFO] IPUIPlugin:80 - create IPUIPlugin
2025-01-03 18:24:55,426 [INFO] PluginManager:220 - loadIPPluginJar : add tim
2025-01-03 18:24:55,429 [INFO] IPUIPlugin:80 - create IPUIPlugin
2025-01-03 18:24:55,430 [INFO] PluginManager:220 - loadIPPluginJar : add touchsensing
2025-01-03 18:24:55,432 [INFO] IPUIPlugin:80 - create IPUIPlugin
2025-01-03 18:24:55,432 [INFO] PluginManager:220 - loadIPPluginJar : add tracer_emb
2025-01-03 18:24:55,435 [INFO] IPUIPlugin:80 - create IPUIPlugin
2025-01-03 18:24:55,435 [INFO] PluginManager:220 - loadIPPluginJar : add ts
2025-01-03 18:24:55,437 [INFO] IPUIPlugin:80 - create IPUIPlugin
2025-01-03 18:24:55,437 [INFO] PluginManager:220 - loadIPPluginJar : add tsc
2025-01-03 18:24:55,441 [INFO] IPUIPlugin:80 - create IPUIPlugin
2025-01-03 18:24:55,441 [INFO] PluginManager:220 - loadIPPluginJar : add ucpd
2025-01-03 18:24:55,444 [INFO] IPUIPlugin:80 - create IPUIPlugin
2025-01-03 18:24:55,444 [INFO] PluginManager:220 - loadIPPluginJar : add usart
2025-01-03 18:24:55,447 [INFO] IPUIPlugin:80 - create IPUIPlugin
2025-01-03 18:24:55,447 [INFO] PluginManager:220 - loadIPPluginJar : add usbx
2025-01-03 18:24:55,592 [FATAL] Updater:351 - Updater called before beeing initialized
2025-01-03 18:24:55,620 [INFO] RulesReader:64 - Compatibility file has been processed (297 Rules)
2025-01-03 18:24:55,634 [INFO] RulesReader:64 - Compatibility file has been processed (297 Rules)
2025-01-03 18:24:55,645 [INFO] CADModel:165 - CPN selected for project level
2025-01-03 18:24:55,645 [INFO] CADModel:114 - Register for checkConnection events
2025-01-03 18:24:55,645 [FATAL] Updater:351 - Updater called before beeing initialized
2025-01-03 18:24:55,645 [ERROR] CADModel:125 - Updater not yet initialized, retry later 
2025-01-03 18:24:55,765 [FATAL] Updater:351 - Updater called before beeing initialized
2025-01-03 18:24:55,766 [INFO] CADModel:165 - CPN selected for project level
2025-01-03 18:24:55,766 [INFO] CADModel:114 - Register for checkConnection events
2025-01-03 18:24:55,766 [FATAL] Updater:351 - Updater called before beeing initialized
2025-01-03 18:24:55,766 [ERROR] CADModel:125 - Updater not yet initialized, retry later 
2025-01-03 18:24:55,769 [FATAL] Updater:351 - Updater called before beeing initialized
2025-01-03 18:24:55,919 [FATAL] Updater:351 - Updater called before beeing initialized
2025-01-03 18:24:55,922 [INFO] DbMcusAds:53 - JSON generation date=Wed Dec 18 01:01:15 KST 2024 (1734451275196)
2025-01-03 18:24:55,922 [FATAL] Updater:351 - Updater called before beeing initialized
2025-01-03 18:24:55,949 [WARN] DetailPanel:346 - Failed to get advertising image, set to default
2025-01-03 18:24:56,117 [FATAL] Updater:351 - Updater called before beeing initialized
2025-01-03 18:24:56,119 [FATAL] Updater:351 - Updater called before beeing initialized
2025-01-03 18:24:56,119 [FATAL] Updater:351 - Updater called before beeing initialized
2025-01-03 18:24:56,119 [WARN] DetailPanel:346 - Failed to get advertising image, set to default
2025-01-03 18:24:56,119 [FATAL] Updater:351 - Updater called before beeing initialized
2025-01-03 18:24:56,174 [ERROR] Updater:1198 - MainUpdater not yet initialized. External WinMGr cannot be set.
2025-01-03 18:24:56,176 [INFO] Updater:1134 - Updater Version found : 6.13.0
2025-01-03 18:24:56,187 [INFO] ApplicationProperties:184 - Using Application install path: C:\ST\STM32CubeIDE_1.16.1\STM32CubeIDE\plugins\com.st.stm32cube.common.mx_6.13.0.202411220809
2025-01-03 18:24:57,759 [ERROR] LogOutputStream:75 - [STDERR_REDIRECT] Jan 03, 2025 6:24:57 PM java.util.prefs.WindowsPreferences <init>
2025-01-03 18:24:57,760 [ERROR] LogOutputStream:75 - [STDERR_REDIRECT] WARNING: Could not open/create prefs root node Software\JavaSoft\Prefs at root 0xffffffff80000002. Windows RegCreateKeyEx(...) returned error code 5.
2025-01-03 18:24:57,760 [ERROR] LogOutputStream:75 - [STDERR_REDIRECT] 
2025-01-03 18:24:57,772 [INFO] ThirdPartyUpdaterWithRetryManager:70 - Updater plugin not ready yet. [2/15]
2025-01-03 18:24:58,545 [INFO] MainUpdater:2872 - connection check result : 10
2025-01-03 18:24:58,546 [INFO] MainUpdater:289 - Updater Check For Update Now.
2025-01-03 18:24:58,546 [INFO] MicroXplorer:498 - Change Database Version : DB.6.0.130
2025-01-03 18:24:58,551 [INFO] McuFinderGlobals:63 - Set McuFinder mode to 2 (CubeIDE integrated)
2025-01-03 18:24:58,552 [INFO] UserAuth:486 - Internet connection configuration mode: 1
2025-01-03 18:24:58,581 [INFO] JxBrowserEngine:152 - Initiate JxBrowser Engine with user profile folder
2025-01-03 18:24:58,721 [INFO] CheckServerUpdateThread:120 - End of CheckServer Thread
2025-01-03 18:24:59,270 [INFO] WebApp:168 - Instantiating new browser for Auth
2025-01-03 18:24:59,961 [INFO] WebApp:449 - Apply proxy settings
2025-01-03 18:24:59,961 [INFO] WebApp:534 - Chromium requires no authentication
2025-01-03 18:24:59,968 [INFO] WebApp:477 - Direct internet connection detected
2025-01-03 18:24:59,989 [INFO] WebApp:880 - Register for checkConnection events
2025-01-03 18:24:59,989 [INFO] WebApp:449 - Apply proxy settings
2025-01-03 18:24:59,990 [INFO] WebApp:534 - Chromium requires no authentication
2025-01-03 18:24:59,990 [INFO] WebApp:477 - Direct internet connection detected
2025-01-03 18:25:00,125 [INFO] WebApp:221 - Starting web application
2025-01-03 18:25:00,125 [INFO] WebApp:579 - Web application path used C:\ST\STM32CubeIDE_1.16.1\STM32CubeIDE\plugins\com.st.stm32cube.common.mx_6.13.0.202411220809\db\plugins\mcufinder\reactClient1\index.html
2025-01-03 18:25:00,190 [INFO] UserAuth:486 - Internet connection configuration mode: 1
2025-01-03 18:25:00,649 [INFO] WebApp:187 - Connection restablished
2025-01-03 18:25:01,136 [WARN] PackLoader:240 - Cannot read IP mode file for STMicroelectronics.FP-SNS-MOTENVWB1.1.4.0
2025-01-03 18:25:01,149 [WARN] PackLoader:240 - Cannot read IP mode file for STMicroelectronics.FP-ATR-ASTRA1.2.0.1
2025-01-03 18:25:01,161 [WARN] PackLoader:240 - Cannot read IP mode file for STMicroelectronics.X-CUBE-SMBUS.2.1.0
2025-01-03 18:25:01,174 [WARN] PackLoader:240 - Cannot read IP mode file for STMicroelectronics.X-CUBE-WB05N.1.1.0
2025-01-03 18:25:01,212 [WARN] PackLoader:240 - Cannot read IP mode file for STMicroelectronics.X-CUBE-AZRTOS-F7.1.1.0
2025-01-03 18:25:01,287 [WARN] PackLoader:240 - Cannot read IP mode file for STMicroelectronics.X-CUBE-MEMS1.11.0.0
2025-01-03 18:25:01,406 [WARN] PackLoader:240 - Cannot read IP mode file for STMicroelectronics.FP-SNS-FLIGHT1.5.0.2
2025-01-03 18:25:01,417 [WARN] PackLoader:240 - Cannot read IP mode file for STMicroelectronics.X-CUBE-DISPLAY.3.0.0
2025-01-03 18:25:01,426 [WARN] PackLoader:240 - Cannot read IP mode file for STMicroelectronics.X-CUBE-BLE1.7.0.0
2025-01-03 18:25:01,431 [WARN] PackLoader:240 - Cannot read IP mode file for STMicroelectronics.X-CUBE-NFC10.1.0.0
2025-01-03 18:25:01,443 [WARN] PackLoader:240 - Cannot read IP mode file for STMicroelectronics.X-CUBE-BLEMGR.4.0.0
2025-01-03 18:25:01,455 [WARN] PackLoader:240 - Cannot read IP mode file for emotas.I-CUBE-CANOPEN.1.3.0
2025-01-03 18:25:01,465 [WARN] PackLoader:240 - Cannot read IP mode file for STMicroelectronics.X-CUBE-BLEMGR.3.1.0
2025-01-03 18:25:01,475 [WARN] PackLoader:240 - Cannot read IP mode file for STMicroelectronics.FP-SNS-SMARTAG2.1.2.0
2025-01-03 18:25:01,535 [WARN] PackLoader:240 - Cannot read IP mode file for STMicroelectronics.X-CUBE-MEMS1.11.1.0
2025-01-03 18:25:01,650 [INFO] LogOutputStream:77 - [STDOUT_REDIRECT] 1 : Invalid condition id : UX_CORESTACK_Condition cause : null
2025-01-03 18:25:01,651 [INFO] LogOutputStream:77 - [STDOUT_REDIRECT] 1 : Invalid condition id : UX_CORESTACK_Condition cause : null
2025-01-03 18:25:01,652 [INFO] LogOutputStream:77 - [STDOUT_REDIRECT] 1 : Invalid condition id : UX_CORESTACK_Condition cause : null
2025-01-03 18:25:01,652 [INFO] LogOutputStream:77 - [STDOUT_REDIRECT] 1 : Invalid condition id : UX_CORESTACK_Condition cause : null
2025-01-03 18:25:01,653 [INFO] LogOutputStream:77 - [STDOUT_REDIRECT] 1 : Invalid condition id : UX_CORESTACK_Condition cause : null
2025-01-03 18:25:01,655 [WARN] PackLoader:240 - Cannot read IP mode file for STMicroelectronics.X-CUBE-AZRTOS-WL.2.0.0
2025-01-03 18:25:01,660 [WARN] PackLoader:240 - Cannot read IP mode file for STMicroelectronics.FP-SNS-MOTENV1.5.0.0
2025-01-03 18:25:01,693 [WARN] PackLoader:240 - Cannot read IP mode file for wolfSSL.I-CUBE-wolfMQTT.1.19.0
2025-01-03 18:25:01,702 [WARN] PackLoader:240 - Cannot read IP mode file for WES.I-CUBE-Cesium.1.3.0
2025-01-03 18:25:01,707 [WARN] PackLoader:240 - Cannot read IP mode file for STMicroelectronics.X-CUBE-BLE2.3.3.0
2025-01-03 18:25:01,711 [WARN] PackLoader:240 - Cannot read IP mode file for STMicroelectronics.X-CUBE-NFC9.1.0.0
2025-01-03 18:25:01,716 [WARN] PackLoader:240 - Cannot read IP mode file for STMicroelectronics.X-CUBE-TCPP.4.1.0
2025-01-03 18:25:01,726 [WARN] PackLoader:240 - Cannot read IP mode file for STMicroelectronics.X-CUBE-AZRTOS-G0.1.1.0
2025-01-03 18:25:01,731 [WARN] PackLoader:240 - Cannot read IP mode file for STMicroelectronics.X-CUBE-SAFEA1.1.2.2
2025-01-03 18:25:01,735 [WARN] PackLoader:240 - Cannot read IP mode file for STMicroelectronics.X-CUBE-NFC4.3.0.0
2025-01-03 18:25:01,746 [WARN] PackLoader:240 - Cannot read IP mode file for EmbeddedOffice.I-CUBE-FS-RTOS.1.0.1
2025-01-03 18:25:01,750 [WARN] PackLoader:240 - Cannot read IP mode file for STMicroelectronics.X-CUBE-TCPP.4.2.0
2025-01-03 18:25:01,761 [WARN] PackLoader:240 - Cannot read IP mode file for RealThread.X-CUBE-RT-Thread_Nano.4.1.1
2025-01-03 18:25:01,767 [WARN] PackLoader:240 - Cannot read IP mode file for STMicroelectronics.FP-ATR-SIGFOX1.3.2.0
2025-01-03 18:25:01,774 [WARN] ConditionMgr:438 - getConditionDescription Invalid condition id : Cortex-A Device cause : null
2025-01-03 18:25:01,804 [WARN] ConditionMgr:1044 - genDependencies : Invalid condition id : Cortex-A Device cause : null
2025-01-03 18:25:01,804 [WARN] ConditionMgr:1044 - genDependencies : Invalid condition id : Cortex-A Device cause : null
2025-01-03 18:25:01,804 [WARN] ConditionMgr:1044 - genDependencies : Invalid condition id : Cortex-A Device cause : null
2025-01-03 18:25:01,810 [WARN] PackLoader:240 - Cannot read IP mode file for STMicroelectronics.X-CUBE-EEPRMA1.5.1.0
2025-01-03 18:25:01,813 [WARN] PackLoader:240 - Cannot read IP mode file for wolfSSL.I-CUBE-wolfSSL.5.7.4
2025-01-03 18:25:01,821 [WARN] PackLoader:240 - Cannot read IP mode file for ITTIA_DB.I-CUBE-ITTIADB.8.9.0
2025-01-03 18:25:01,848 [WARN] PackLoader:240 - Cannot read IP mode file for SEGGER.I-CUBE-embOS.1.3.1
2025-01-03 18:25:01,870 [WARN] PackLoader:240 - Cannot read IP mode file for STMicroelectronics.X-CUBE-ALGOBUILD.1.4.0
2025-01-03 18:25:01,876 [WARN] PackLoader:240 - Cannot read IP mode file for STMicroelectronics.X-CUBE-AI.9.1.0
2025-01-03 18:25:01,885 [WARN] PackLoader:240 - Cannot read IP mode file for STMicroelectronics.X-CUBE-AZRTOS-F4.1.1.0
2025-01-03 18:25:01,890 [WARN] PackLoader:240 - Cannot read IP mode file for STMicroelectronics.X-CUBE-ISPU.2.1.0
2025-01-03 18:25:01,895 [WARN] PackLoader:240 - Cannot read IP mode file for STMicroelectronics.X-CUBE-FREERTOS.1.2.0
2025-01-03 18:25:01,904 [WARN] PackLoader:240 - Cannot read IP mode file for STMicroelectronics.X-CUBE-AZRTOS-L5.2.0.0
2025-01-03 18:25:01,913 [WARN] PackLoader:240 - Cannot read IP mode file for STMicroelectronics.X-CUBE-NFC6.3.1.0
2025-01-03 18:25:01,918 [WARN] PackLoader:240 - Cannot read IP mode file for STMicroelectronics.X-CUBE-DPower.1.2.0
2025-01-03 18:25:01,924 [WARN] PackLoader:240 - Cannot read IP mode file for STMicroelectronics.X-CUBE-FREERTOS.1.3.0
2025-01-03 18:25:01,928 [WARN] PackLoader:240 - Cannot read IP mode file for STMicroelectronics.X-CUBE-NFC7.1.0.1
2025-01-03 18:25:01,937 [WARN] ConditionMgr:438 - getConditionDescription Invalid condition id : LAN8742 Phy interface Condition cause : null
2025-01-03 18:25:01,938 [WARN] PackLoader:240 - Cannot read IP mode file for STMicroelectronics.X-CUBE-AZRTOS-L4.2.0.0
2025-01-03 18:25:01,939 [WARN] ConditionMgr:1044 - genDependencies : Invalid condition id : LAN8742 Phy interface Condition cause : null
2025-01-03 18:25:01,940 [WARN] ConditionMgr:1044 - genDependencies : Invalid condition id : LAN8742 Phy interface Condition cause : null
2025-01-03 18:25:01,940 [WARN] ConditionMgr:1044 - genDependencies : Invalid condition id : LAN8742 Phy interface Condition cause : null
2025-01-03 18:25:01,944 [WARN] PackLoader:240 - Cannot read IP mode file for STMicroelectronics.X-CUBE-SFXS2LP1.4.0.0
2025-01-03 18:25:01,954 [WARN] PackLoader:240 - Cannot read IP mode file for STMicroelectronics.X-CUBE-AZRTOS-H7.3.3.0
2025-01-03 18:25:01,964 [WARN] PackLoader:240 - Cannot read IP mode file for STMicroelectronics.X-CUBE-IPS.3.0.0
2025-01-03 18:25:01,976 [WARN] ConditionMgr:438 - getConditionDescription Invalid condition id : UX DEVICE CLASS RTOS Condition cause : null
2025-01-03 18:25:01,976 [WARN] ConditionMgr:438 - getConditionDescription Invalid condition id : UX DEVICE CLASS RTOS Condition cause : null
2025-01-03 18:25:01,977 [WARN] PackLoader:240 - Cannot read IP mode file for STMicroelectronics.X-CUBE-AZRTOS-WB.2.0.0
2025-01-03 18:25:01,977 [WARN] ConditionMgr:1044 - genDependencies : Invalid condition id : UX DEVICE CLASS RTOS Condition cause : null
2025-01-03 18:25:01,977 [WARN] ConditionMgr:1044 - genDependencies : Invalid condition id : UX DEVICE CLASS RTOS Condition cause : null
2025-01-03 18:25:01,977 [WARN] ConditionMgr:1044 - genDependencies : Invalid condition id : UX DEVICE CLASS RTOS Condition cause : null
2025-01-03 18:25:01,977 [WARN] ConditionMgr:1044 - genDependencies : Invalid condition id : UX DEVICE CLASS RTOS Condition cause : null
2025-01-03 18:25:01,977 [WARN] ConditionMgr:1044 - genDependencies : Invalid condition id : UX DEVICE CLASS RTOS Condition cause : null
2025-01-03 18:25:01,981 [WARN] PackLoader:240 - Cannot read IP mode file for STMicroelectronics.X-CUBE-GNSS1.7.0.0
2025-01-03 18:25:01,987 [WARN] PackLoader:240 - Cannot read IP mode file for STMicroelectronics.X-CUBE-GNSS1.7.0.1
2025-01-03 18:25:01,999 [WARN] PackLoader:240 - Cannot read IP mode file for STMicroelectronics.FP-SNS-STBOX1.2.0.0
2025-01-03 18:25:02,012 [WARN] PackLoader:240 - Cannot read IP mode file for STMicroelectronics.X-CUBE-SUBG2.5.0.0
2025-01-03 18:25:02,018 [WARN] PackLoader:240 - Cannot read IP mode file for Cesanta.I-CUBE-Mongoose.7.13.0
2025-01-03 18:25:02,030 [WARN] PackLoader:240 - Cannot read IP mode file for STMicroelectronics.X-CUBE-AZRTOS-G4.2.0.0
2025-01-03 18:25:02,034 [WARN] PackLoader:240 - Cannot read IP mode file for STMicroelectronics.X-CUBE-ALS.1.0.2
2025-01-03 18:25:02,043 [WARN] PackLoader:240 - Cannot read IP mode file for STMicroelectronics.X-CUBE-TOUCHGFX.4.24.1
2025-01-03 18:25:02,046 [WARN] PackLoader:240 - Cannot read IP mode file for wolfSSL.I-CUBE-wolfTPM.3.4.0
2025-01-03 18:25:02,050 [WARN] PackLoader:240 - Cannot read IP mode file for portGmbH.I-Cube-SoM-uGOAL.1.1.0
2025-01-03 18:25:02,062 [WARN] PackLoader:240 - Cannot read IP mode file for STMicroelectronics.X-CUBE-AZRTOS-H7RS.1.0.0
2025-01-03 18:25:02,067 [WARN] PackLoader:240 - Cannot read IP mode file for STMicroelectronics.FP-ATR-ASTRA1.2.0.0
2025-01-03 18:25:02,073 [WARN] PackLoader:240 - Cannot read IP mode file for STMicroelectronics.X-CUBE-TOF1.3.4.2
2025-01-03 18:25:02,088 [WARN] PackLoader:240 - Cannot read IP mode file for Infineon.AIROC-Wi-Fi-Bluetooth-STM32.1.6.1
2025-01-03 18:25:02,094 [WARN] PackLoader:240 - Cannot read IP mode file for wolfSSL.I-CUBE-wolfSSH.1.4.17
2025-01-03 18:25:02,095 [INFO] ThirdParty:978 - Integrity check success = true
2025-01-03 18:25:02,095 [INFO] IntegrityCheckThread:100 - exiting critical section [integrity check]
2025-01-03 18:25:02,095 [INFO] IntegrityCheckThread:103 - End integrity checks thread
